c:\peleg\mitkademtwo\anomalydetectorcircledll\debug\anomalydetectorcircledll.lib
c:\peleg\mitkademtwo\anomalydetectorcircledll\debug\anomalydetectorcircledll.exp
c:\peleg\mitkademtwo\anomalydetectorcircledll\debug\anomalydetectorcircledll.pch
c:\peleg\mitkademtwo\anomalydetectorcircledll\debug\vc142.pdb
c:\peleg\mitkademtwo\anomalydetectorcircledll\debug\pch.obj
c:\peleg\mitkademtwo\anomalydetectorcircledll\debug\timeseries.obj
c:\peleg\mitkademtwo\anomalydetectorcircledll\debug\simpleanomalydetector.obj
c:\peleg\mitkademtwo\anomalydetectorcircledll\debug\mincircle.obj
c:\peleg\mitkademtwo\anomalydetectorcircledll\debug\hybridanomalydetector.obj
c:\peleg\mitkademtwo\anomalydetectorcircledll\debug\dllmain.obj
c:\peleg\mitkademtwo\anomalydetectorcircledll\debug\cli.obj
c:\peleg\mitkademtwo\anomalydetectorcircledll\debug\api.obj
c:\peleg\mitkademtwo\anomalydetectorcircledll\debug\anomaly_detection_util.obj
c:\peleg\mitkademtwo\anomalydetectorcircledll\debug\.netframework,version=v4.0.assemblyattributes.obj
c:\peleg\mitkademtwo\anomalydetectorcircledll\debug\anomalydetectorcircledll.dll
c:\peleg\mitkademtwo\anomalydetectorcircledll\debug\anomalydetectorcircledll.pdb
c:\peleg\mitkademtwo\anomalydetectorcircledll\debug\csdll.pdb
c:\peleg\mitkademtwo\anomalydetectorcircledll\debug\anomalydetectorcircledll.dll.metagen
c:\peleg\mitkademtwo\anomalydetectorcircledll\debug\anomalyd.20ce7a87.tlog\anomalydetectorcircledll.write.1u.tlog
c:\peleg\mitkademtwo\anomalydetectorcircledll\debug\anomalyd.20ce7a87.tlog\cl.command.1.tlog
c:\peleg\mitkademtwo\anomalydetectorcircledll\debug\anomalyd.20ce7a87.tlog\cl.read.1.tlog
c:\peleg\mitkademtwo\anomalydetectorcircledll\debug\anomalyd.20ce7a87.tlog\cl.write.1.tlog
c:\peleg\mitkademtwo\anomalydetectorcircledll\debug\anomalyd.20ce7a87.tlog\link.command.1.tlog
c:\peleg\mitkademtwo\anomalydetectorcircledll\debug\anomalyd.20ce7a87.tlog\link.read.1.tlog
c:\peleg\mitkademtwo\anomalydetectorcircledll\debug\anomalyd.20ce7a87.tlog\link.write.1.tlog
c:\peleg\mitkademtwo\anomalydetectorcircledll\debug\anomalyd.20ce7a87.tlog\metagen.read.1.tlog
c:\peleg\mitkademtwo\anomalydetectorcircledll\debug\anomalyd.20ce7a87.tlog\metagen.write.1.tlog
