h:\advanced programming\flightinspectionapp\plugin\anomalydetectorlinedll\x64\debug\anomalydetectorlinedll.lib
h:\advanced programming\flightinspectionapp\plugin\anomalydetectorlinedll\x64\debug\anomalydetectorlinedll.exp
h:\advanced programming\flightinspectionapp\plugin\anomalydetectorlinedll\x64\debug\anomalydetectorlinedll.pch
h:\advanced programming\flightinspectionapp\plugin\anomalydetectorlinedll\x64\debug\vc142.pdb
h:\advanced programming\flightinspectionapp\plugin\anomalydetectorlinedll\x64\debug\pch.obj
h:\advanced programming\flightinspectionapp\plugin\anomalydetectorlinedll\x64\debug\timeseries.obj
h:\advanced programming\flightinspectionapp\plugin\anomalydetectorlinedll\x64\debug\simpleanomalydetector.obj
h:\advanced programming\flightinspectionapp\plugin\anomalydetectorlinedll\x64\debug\mincircle.obj
h:\advanced programming\flightinspectionapp\plugin\anomalydetectorlinedll\x64\debug\hybridanomalydetector.obj
h:\advanced programming\flightinspectionapp\plugin\anomalydetectorlinedll\x64\debug\dllmain.obj
h:\advanced programming\flightinspectionapp\plugin\anomalydetectorlinedll\x64\debug\cli.obj
h:\advanced programming\flightinspectionapp\plugin\anomalydetectorlinedll\x64\debug\api.obj
h:\advanced programming\flightinspectionapp\plugin\anomalydetectorlinedll\x64\debug\anomaly_detection_util.obj
h:\advanced programming\flightinspectionapp\plugin\anomalydetectorlinedll\x64\debug\.netframework,version=v4.0.assemblyattributes.obj
h:\advanced programming\flightinspectionapp\plugin\anomalydetectorlinedll\x64\debug\.netframework,version=v4.0.assemblyattributes.asm
h:\advanced programming\flightinspectionapp\plugin\anomalydetectorlinedll\x64\debug\anomalydetectorlinedll.dll
h:\advanced programming\flightinspectionapp\plugin\anomalydetectorlinedll\x64\debug\anomalydetectorlinedll.pdb
h:\advanced programming\flightinspectionapp\plugin\anomalydetectorlinedll\x64\debug\anomalydetectorlinedll.vcxprojassemblyreference.cache
h:\advanced programming\flightinspectionapp\plugin\anomalydetectorlinedll\x64\debug\anomalydetectorlinedll.dll.metagen
h:\advanced programming\flightinspectionapp\plugin\anomalydetectorlinedll\x64\debug\anomalyd.ea5d27e7.tlog\anomalydetectorlinedll.write.1u.tlog
h:\advanced programming\flightinspectionapp\plugin\anomalydetectorlinedll\x64\debug\anomalyd.ea5d27e7.tlog\cl.command.1.tlog
h:\advanced programming\flightinspectionapp\plugin\anomalydetectorlinedll\x64\debug\anomalyd.ea5d27e7.tlog\cl.read.1.tlog
h:\advanced programming\flightinspectionapp\plugin\anomalydetectorlinedll\x64\debug\anomalyd.ea5d27e7.tlog\cl.write.1.tlog
h:\advanced programming\flightinspectionapp\plugin\anomalydetectorlinedll\x64\debug\anomalyd.ea5d27e7.tlog\link.command.1.tlog
h:\advanced programming\flightinspectionapp\plugin\anomalydetectorlinedll\x64\debug\anomalyd.ea5d27e7.tlog\link.read.1.tlog
h:\advanced programming\flightinspectionapp\plugin\anomalydetectorlinedll\x64\debug\anomalyd.ea5d27e7.tlog\link.write.1.tlog
h:\advanced programming\flightinspectionapp\plugin\anomalydetectorlinedll\x64\debug\anomalyd.ea5d27e7.tlog\metagen.read.1.tlog
h:\advanced programming\flightinspectionapp\plugin\anomalydetectorlinedll\x64\debug\anomalyd.ea5d27e7.tlog\metagen.write.1.tlog
