c:\peleg\mitkademtwo\anomalydetectorlinedll\debug\anomalydetectorlinedll.lib
c:\peleg\mitkademtwo\anomalydetectorlinedll\debug\anomalydetectorlinedll.exp
c:\peleg\mitkademtwo\anomalydetectorlinedll\debug\anomalydetectorlinedll.pch
c:\peleg\mitkademtwo\anomalydetectorlinedll\debug\vc142.pdb
c:\peleg\mitkademtwo\anomalydetectorlinedll\debug\pch.obj
c:\peleg\mitkademtwo\anomalydetectorlinedll\debug\timeseries.obj
c:\peleg\mitkademtwo\anomalydetectorlinedll\debug\simpleanomalydetector.obj
c:\peleg\mitkademtwo\anomalydetectorlinedll\debug\mincircle.obj
c:\peleg\mitkademtwo\anomalydetectorlinedll\debug\hybridanomalydetector.obj
c:\peleg\mitkademtwo\anomalydetectorlinedll\debug\dllmain.obj
c:\peleg\mitkademtwo\anomalydetectorlinedll\debug\cli.obj
c:\peleg\mitkademtwo\anomalydetectorlinedll\debug\api.obj
c:\peleg\mitkademtwo\anomalydetectorlinedll\debug\anomaly_detection_util.obj
c:\peleg\mitkademtwo\anomalydetectorlinedll\debug\.netframework,version=v4.0.assemblyattributes.obj
c:\peleg\mitkademtwo\anomalydetectorlinedll\debug\anomalydetectorlinedll.dll
c:\peleg\mitkademtwo\anomalydetectorlinedll\debug\anomalydetectorlinedll.pdb
h:\advanced programming\flightinspectionapp\plugin\anomalydetectorlinedll\debug\anomalydetectorlinedll.vcxprojassemblyreference.cache
h:\advanced programming\flightinspectionapp\plugin\anomalydetectorlinedll\debug\anomaly_detection_util.obj
h:\advanced programming\flightinspectionapp\plugin\anomalydetectorlinedll\debug\api.obj
h:\advanced programming\flightinspectionapp\plugin\anomalydetectorlinedll\debug\cli.obj
h:\advanced programming\flightinspectionapp\plugin\anomalydetectorlinedll\debug\dllmain.obj
h:\advanced programming\flightinspectionapp\plugin\anomalydetectorlinedll\debug\hybridanomalydetector.obj
h:\advanced programming\flightinspectionapp\plugin\anomalydetectorlinedll\debug\mincircle.obj
h:\advanced programming\flightinspectionapp\plugin\anomalydetectorlinedll\debug\pch.obj
h:\advanced programming\flightinspectionapp\plugin\anomalydetectorlinedll\debug\simpleanomalydetector.obj
h:\advanced programming\flightinspectionapp\plugin\anomalydetectorlinedll\debug\timeseries.obj
h:\advanced programming\flightinspectionapp\plugin\anomalydetectorlinedll\debug\anomalydetectorlinedll.pch
h:\advanced programming\flightinspectionapp\plugin\anomalydetectorlinedll\debug\anomalydetectorlinedll.exp
h:\advanced programming\flightinspectionapp\plugin\anomalydetectorlinedll\debug\anomalydetectorlinedll.pdb
h:\advanced programming\flightinspectionapp\plugin\anomalydetectorlinedll\debug\vc142.pdb
h:\advanced programming\flightinspectionapp\plugin\anomalydetectorlinedll\debug\anomalydetectorlinedll.dll.metagen
h:\advanced programming\flightinspectionapp\plugin\anomalydetectorlinedll\debug\anomalydetectorlinedll.dll
h:\advanced programming\flightinspectionapp\plugin\anomalydetectorlinedll\debug\anomalyd.ea5d27e7.tlog\anomalydetectorlinedll.write.1u.tlog
h:\advanced programming\flightinspectionapp\plugin\anomalydetectorlinedll\debug\anomalyd.ea5d27e7.tlog\cl.command.1.tlog
h:\advanced programming\flightinspectionapp\plugin\anomalydetectorlinedll\debug\anomalyd.ea5d27e7.tlog\cl.read.1.tlog
h:\advanced programming\flightinspectionapp\plugin\anomalydetectorlinedll\debug\anomalyd.ea5d27e7.tlog\cl.write.1.tlog
h:\advanced programming\flightinspectionapp\plugin\anomalydetectorlinedll\debug\anomalyd.ea5d27e7.tlog\link.command.1.tlog
h:\advanced programming\flightinspectionapp\plugin\anomalydetectorlinedll\debug\anomalyd.ea5d27e7.tlog\link.read.1.tlog
h:\advanced programming\flightinspectionapp\plugin\anomalydetectorlinedll\debug\anomalyd.ea5d27e7.tlog\link.write.1.tlog
h:\advanced programming\flightinspectionapp\plugin\anomalydetectorlinedll\debug\anomalyd.ea5d27e7.tlog\metagen.read.1.tlog
h:\advanced programming\flightinspectionapp\plugin\anomalydetectorlinedll\debug\anomalyd.ea5d27e7.tlog\metagen.write.1.tlog
