c:\peleg\mitkademtwo\anomalydetectorlinedll\debug\anomalydetectorlinedll.lib
c:\peleg\mitkademtwo\anomalydetectorlinedll\debug\anomalydetectorlinedll.exp
c:\peleg\mitkademtwo\anomalydetectorlinedll\debug\anomalydetectorlinedll.pch
c:\peleg\mitkademtwo\anomalydetectorlinedll\debug\vc142.pdb
c:\peleg\mitkademtwo\anomalydetectorlinedll\debug\pch.obj
c:\peleg\mitkademtwo\anomalydetectorlinedll\debug\timeseries.obj
c:\peleg\mitkademtwo\anomalydetectorlinedll\debug\simpleanomalydetector.obj
c:\peleg\mitkademtwo\anomalydetectorlinedll\debug\mincircle.obj
c:\peleg\mitkademtwo\anomalydetectorlinedll\debug\hybridanomalydetector.obj
c:\peleg\mitkademtwo\anomalydetectorlinedll\debug\dllmain.obj
c:\peleg\mitkademtwo\anomalydetectorlinedll\debug\cli.obj
c:\peleg\mitkademtwo\anomalydetectorlinedll\debug\api.obj
c:\peleg\mitkademtwo\anomalydetectorlinedll\debug\anomaly_detection_util.obj
c:\peleg\mitkademtwo\anomalydetectorlinedll\debug\.netframework,version=v4.0.assemblyattributes.obj
c:\peleg\mitkademtwo\anomalydetectorlinedll\debug\anomalydetectorlinedll.dll
c:\peleg\mitkademtwo\anomalydetectorlinedll\debug\anomalydetectorlinedll.pdb
c:\peleg\mitkademtwo\anomalydetectorlinedll\debug\csdll.pdb
c:\peleg\mitkademtwo\anomalydetectorlinedll\debug\anomalydetectorlinedll.dll.metagen
c:\peleg\mitkademtwo\anomalydetectorlinedll\debug\anomalyd.ea5d27e7.tlog\anomalydetectorlinedll.write.1u.tlog
c:\peleg\mitkademtwo\anomalydetectorlinedll\debug\anomalyd.ea5d27e7.tlog\cl.command.1.tlog
c:\peleg\mitkademtwo\anomalydetectorlinedll\debug\anomalyd.ea5d27e7.tlog\cl.read.1.tlog
c:\peleg\mitkademtwo\anomalydetectorlinedll\debug\anomalyd.ea5d27e7.tlog\cl.write.1.tlog
c:\peleg\mitkademtwo\anomalydetectorlinedll\debug\anomalyd.ea5d27e7.tlog\link.command.1.tlog
c:\peleg\mitkademtwo\anomalydetectorlinedll\debug\anomalyd.ea5d27e7.tlog\link.read.1.tlog
c:\peleg\mitkademtwo\anomalydetectorlinedll\debug\anomalyd.ea5d27e7.tlog\link.write.1.tlog
c:\peleg\mitkademtwo\anomalydetectorlinedll\debug\anomalyd.ea5d27e7.tlog\metagen.read.1.tlog
c:\peleg\mitkademtwo\anomalydetectorlinedll\debug\anomalyd.ea5d27e7.tlog\metagen.write.1.tlog
