c:\peleg\mitkademtwo\anomalydetectorcircledll\debug\anomalydetectorcircledll.lib
c:\peleg\mitkademtwo\anomalydetectorcircledll\debug\anomalydetectorcircledll.exp
c:\peleg\mitkademtwo\anomalydetectorcircledll\debug\anomalydetectorcircledll.pch
c:\peleg\mitkademtwo\anomalydetectorcircledll\debug\vc142.pdb
c:\peleg\mitkademtwo\anomalydetectorcircledll\debug\pch.obj
c:\peleg\mitkademtwo\anomalydetectorcircledll\debug\timeseries.obj
c:\peleg\mitkademtwo\anomalydetectorcircledll\debug\simpleanomalydetector.obj
c:\peleg\mitkademtwo\anomalydetectorcircledll\debug\mincircle.obj
c:\peleg\mitkademtwo\anomalydetectorcircledll\debug\hybridanomalydetector.obj
c:\peleg\mitkademtwo\anomalydetectorcircledll\debug\dllmain.obj
c:\peleg\mitkademtwo\anomalydetectorcircledll\debug\cli.obj
c:\peleg\mitkademtwo\anomalydetectorcircledll\debug\api.obj
c:\peleg\mitkademtwo\anomalydetectorcircledll\debug\anomaly_detection_util.obj
c:\peleg\mitkademtwo\anomalydetectorcircledll\debug\.netframework,version=v4.0.assemblyattributes.obj
c:\peleg\mitkademtwo\anomalydetectorcircledll\debug\anomalydetectorcircledll.dll
c:\peleg\mitkademtwo\anomalydetectorcircledll\debug\anomalydetectorcircledll.pdb
h:\advanced programming\flightinspectionapp\plugin\anomalydetectorcircledll\debug\anomalydetectorcircledll.vcxprojassemblyreference.cache
h:\advanced programming\flightinspectionapp\plugin\anomalydetectorcircledll\debug\anomaly_detection_util.obj
h:\advanced programming\flightinspectionapp\plugin\anomalydetectorcircledll\debug\api.obj
h:\advanced programming\flightinspectionapp\plugin\anomalydetectorcircledll\debug\cli.obj
h:\advanced programming\flightinspectionapp\plugin\anomalydetectorcircledll\debug\dllmain.obj
h:\advanced programming\flightinspectionapp\plugin\anomalydetectorcircledll\debug\hybridanomalydetector.obj
h:\advanced programming\flightinspectionapp\plugin\anomalydetectorcircledll\debug\mincircle.obj
h:\advanced programming\flightinspectionapp\plugin\anomalydetectorcircledll\debug\pch.obj
h:\advanced programming\flightinspectionapp\plugin\anomalydetectorcircledll\debug\simpleanomalydetector.obj
h:\advanced programming\flightinspectionapp\plugin\anomalydetectorcircledll\debug\timeseries.obj
h:\advanced programming\flightinspectionapp\plugin\anomalydetectorcircledll\debug\anomalydetectorcircledll.pch
h:\advanced programming\flightinspectionapp\plugin\anomalydetectorcircledll\debug\anomalydetectorcircledll.exp
h:\advanced programming\flightinspectionapp\plugin\anomalydetectorcircledll\debug\anomalydetectorcircledll.pdb
h:\advanced programming\flightinspectionapp\plugin\anomalydetectorcircledll\debug\vc142.pdb
h:\advanced programming\flightinspectionapp\plugin\anomalydetectorcircledll\debug\anomalydetectorcircledll.dll.metagen
h:\advanced programming\flightinspectionapp\plugin\anomalydetectorcircledll\debug\anomalydetectorcircledll.dll
h:\advanced programming\flightinspectionapp\plugin\anomalydetectorcircledll\debug\anomalyd.20ce7a87.tlog\anomalydetectorcircledll.write.1u.tlog
h:\advanced programming\flightinspectionapp\plugin\anomalydetectorcircledll\debug\anomalyd.20ce7a87.tlog\cl.command.1.tlog
h:\advanced programming\flightinspectionapp\plugin\anomalydetectorcircledll\debug\anomalyd.20ce7a87.tlog\cl.read.1.tlog
h:\advanced programming\flightinspectionapp\plugin\anomalydetectorcircledll\debug\anomalyd.20ce7a87.tlog\cl.write.1.tlog
h:\advanced programming\flightinspectionapp\plugin\anomalydetectorcircledll\debug\anomalyd.20ce7a87.tlog\link.command.1.tlog
h:\advanced programming\flightinspectionapp\plugin\anomalydetectorcircledll\debug\anomalyd.20ce7a87.tlog\link.read.1.tlog
h:\advanced programming\flightinspectionapp\plugin\anomalydetectorcircledll\debug\anomalyd.20ce7a87.tlog\link.write.1.tlog
h:\advanced programming\flightinspectionapp\plugin\anomalydetectorcircledll\debug\anomalyd.20ce7a87.tlog\metagen.read.1.tlog
h:\advanced programming\flightinspectionapp\plugin\anomalydetectorcircledll\debug\anomalyd.20ce7a87.tlog\metagen.write.1.tlog
