  pch.cpp
  anomaly_detection_util.cpp
  API.cpp
C:\peleg\MitkademTwo\AnomalyDetectorCircleDLL\commands.h(183,17): warning C4244: 'argument': conversion from 'const long' to 'float', possible loss of data
  CLI.cpp
C:\peleg\MitkademTwo\AnomalyDetectorCircleDLL\commands.h(183,17): warning C4244: 'argument': conversion from 'const long' to 'float', possible loss of data
  dllmain.cpp
  HybridAnomalyDetector.cpp
  minCircle.cpp
  SimpleAnomalyDetector.cpp
C:\peleg\MitkademTwo\AnomalyDetectorCircleDLL\SimpleAnomalyDetector.cpp(177,19): warning C4244: 'initializing': conversion from 'double' to 'float', possible loss of data
C:\peleg\MitkademTwo\AnomalyDetectorCircleDLL\SimpleAnomalyDetector.cpp(180,18): warning C4244: 'initializing': conversion from 'double' to 'float', possible loss of data
C:\peleg\MitkademTwo\AnomalyDetectorCircleDLL\SimpleAnomalyDetector.cpp(185,19): warning C4244: 'initializing': conversion from 'double' to 'float', possible loss of data
C:\peleg\MitkademTwo\AnomalyDetectorCircleDLL\SimpleAnomalyDetector.cpp(188,18): warning C4244: 'initializing': conversion from 'double' to 'float', possible loss of data
  timeseries.cpp
  Generating Code...
  .NETFramework,Version=v4.0.AssemblyAttributes.cpp
  anomaly_detection_util.obj : /DEBUG:FASTLINK is not supported when managed code is present; restarting link with /DEBUG:FULL
  anomaly_detection_util.obj : MSIL module encountered; incremental linking is disabled for MSIL; performing full link
     Creating library C:\peleg\MitkademTwo\AnomalyDetectorCircleDLL\Debug\AnomalyDetectorCircleDLL.lib and object C:\peleg\MitkademTwo\AnomalyDetectorCircleDLL\Debug\AnomalyDetectorCircleDLL.exp
  AnomalyDetectorCircleDLL.vcxproj -> C:\peleg\MitkademTwo\AnomalyDetectorCircleDLL\Debug\AnomalyDetectorCircleDLL.dll
