  pch.cpp
  anomaly_detection_util.cpp
H:\Advanced Programming\FlightInspectionApp\Plugin\AnomalyDetectorCircleDLL\anomaly_detection_util.cpp(91,35): warning C4267: 'initializing': conversion from 'size_t' to 'int', possible loss of data
  API.cpp
H:\Advanced Programming\FlightInspectionApp\Plugin\AnomalyDetectorCircleDLL\commands.h(149,1): warning C4267: '=': conversion from 'size_t' to 'int', possible loss of data
H:\Advanced Programming\FlightInspectionApp\Plugin\AnomalyDetectorCircleDLL\commands.h(183,17): warning C4244: 'argument': conversion from 'const long' to 'float', possible loss of data
  CLI.cpp
H:\Advanced Programming\FlightInspectionApp\Plugin\AnomalyDetectorCircleDLL\commands.h(149,1): warning C4267: '=': conversion from 'size_t' to 'int', possible loss of data
H:\Advanced Programming\FlightInspectionApp\Plugin\AnomalyDetectorCircleDLL\commands.h(183,17): warning C4244: 'argument': conversion from 'const long' to 'float', possible loss of data
  dllmain.cpp
  HybridAnomalyDetector.cpp
  minCircle.cpp
  SimpleAnomalyDetector.cpp
H:\Advanced Programming\FlightInspectionApp\Plugin\AnomalyDetectorCircleDLL\SimpleAnomalyDetector.cpp(62,55): warning C4267: 'argument': conversion from 'size_t' to 'int', possible loss of data
H:\Advanced Programming\FlightInspectionApp\Plugin\AnomalyDetectorCircleDLL\SimpleAnomalyDetector.cpp(112,1): warning C4267: 'argument': conversion from 'size_t' to 'long', possible loss of data
H:\Advanced Programming\FlightInspectionApp\Plugin\AnomalyDetectorCircleDLL\SimpleAnomalyDetector.cpp(140,1): warning C4267: 'argument': conversion from 'size_t' to 'long', possible loss of data
H:\Advanced Programming\FlightInspectionApp\Plugin\AnomalyDetectorCircleDLL\SimpleAnomalyDetector.cpp(141,1): warning C4267: 'argument': conversion from 'size_t' to 'const _Ty', possible loss of data
          with
          [
              _Ty=int
          ]
H:\Advanced Programming\FlightInspectionApp\Plugin\AnomalyDetectorCircleDLL\SimpleAnomalyDetector.cpp(177,19): warning C4244: 'initializing': conversion from 'double' to 'float', possible loss of data
H:\Advanced Programming\FlightInspectionApp\Plugin\AnomalyDetectorCircleDLL\SimpleAnomalyDetector.cpp(180,18): warning C4244: 'initializing': conversion from 'double' to 'float', possible loss of data
H:\Advanced Programming\FlightInspectionApp\Plugin\AnomalyDetectorCircleDLL\SimpleAnomalyDetector.cpp(185,19): warning C4244: 'initializing': conversion from 'double' to 'float', possible loss of data
H:\Advanced Programming\FlightInspectionApp\Plugin\AnomalyDetectorCircleDLL\SimpleAnomalyDetector.cpp(188,18): warning C4244: 'initializing': conversion from 'double' to 'float', possible loss of data
  timeseries.cpp
  Generating Code...
  .NETFramework,Version=v4.0.AssemblyAttributes.cpp
  anomaly_detection_util.obj : /DEBUG:FASTLINK is not supported when managed code is present; restarting link with /DEBUG:FULL
  anomaly_detection_util.obj : MSIL module encountered; incremental linking is disabled for MSIL; performing full link
     Creating library H:\Advanced Programming\FlightInspectionApp\Plugin\AnomalyDetectorCircleDLL\x64\Debug\AnomalyDetectorCircleDLL.lib and object H:\Advanced Programming\FlightInspectionApp\Plugin\AnomalyDetectorCircleDLL\x64\Debug\AnomalyDetectorCircleDLL.exp
  AnomalyDetectorCircleDLL.vcxproj -> H:\Advanced Programming\FlightInspectionApp\Plugin\AnomalyDetectorCircleDLL\x64\Debug\AnomalyDetectorCircleDLL.dll
