c:\peleg\mitkademtwo\connection\anomalydetectordll\debug\anomalydetectordll.lib
c:\peleg\mitkademtwo\connection\anomalydetectordll\debug\anomalydetectordll.exp
c:\peleg\mitkademtwo\connection\anomalydetectordll\debug\anomalydetectordll.pch
c:\peleg\mitkademtwo\connection\anomalydetectordll\debug\vc142.pdb
c:\peleg\mitkademtwo\connection\anomalydetectordll\debug\pch.obj
c:\peleg\mitkademtwo\connection\anomalydetectordll\debug\timeseries.obj
c:\peleg\mitkademtwo\connection\anomalydetectordll\debug\simpleanomalydetector.obj
c:\peleg\mitkademtwo\connection\anomalydetectordll\debug\mincircle.obj
c:\peleg\mitkademtwo\connection\anomalydetectordll\debug\hybridanomalydetector.obj
c:\peleg\mitkademtwo\connection\anomalydetectordll\debug\dllmain.obj
c:\peleg\mitkademtwo\connection\anomalydetectordll\debug\cli.obj
c:\peleg\mitkademtwo\connection\anomalydetectordll\debug\api.obj
c:\peleg\mitkademtwo\connection\anomalydetectordll\debug\anomaly_detection_util.obj
c:\peleg\mitkademtwo\connection\anomalydetectordll\debug\.netframework,version=v4.0.assemblyattributes.obj
c:\peleg\mitkademtwo\connection\anomalydetectordll\debug\anomalydetectordll.dll
c:\peleg\mitkademtwo\connection\anomalydetectordll\debug\anomalydetectordll.pdb
c:\peleg\mitkademtwo\connection\anomalydetectordll\debug\anomalydetectordll.dll.metagen
c:\peleg\mitkademtwo\connection\anomalydetectordll\debug\anomalyd.96c593d6.tlog\anomalydetectordll.write.1u.tlog
c:\peleg\mitkademtwo\connection\anomalydetectordll\debug\anomalyd.96c593d6.tlog\cl.command.1.tlog
c:\peleg\mitkademtwo\connection\anomalydetectordll\debug\anomalyd.96c593d6.tlog\cl.read.1.tlog
c:\peleg\mitkademtwo\connection\anomalydetectordll\debug\anomalyd.96c593d6.tlog\cl.write.1.tlog
c:\peleg\mitkademtwo\connection\anomalydetectordll\debug\anomalyd.96c593d6.tlog\link.command.1.tlog
c:\peleg\mitkademtwo\connection\anomalydetectordll\debug\anomalyd.96c593d6.tlog\link.read.1.tlog
c:\peleg\mitkademtwo\connection\anomalydetectordll\debug\anomalyd.96c593d6.tlog\link.write.1.tlog
c:\peleg\mitkademtwo\connection\anomalydetectordll\debug\anomalyd.96c593d6.tlog\metagen.read.1.tlog
c:\peleg\mitkademtwo\connection\anomalydetectordll\debug\anomalyd.96c593d6.tlog\metagen.write.1.tlog
